<?xml version="1.0" encoding="UTF-8"?>
<testsuite xmlns:xsi="http://www.w3.org/2001/XMLSchema-instance" xsi:noNamespaceSchemaLocation="https://maven.apache.org/surefire/maven-surefire-plugin/xsd/surefire-test-report-3.0.xsd" version="3.0" name="com.example.parking.Concurrency.ParkingLotConcurrencyTest" time="4.594" tests="1" errors="0" skipped="0" failures="0">
  <properties>
    <property name="java.specification.version" value="21"/>
    <property name="sun.cpu.isalist" value="amd64"/>
    <property name="sun.jnu.encoding" value="Cp1252"/>
    <property name="java.class.path" value="D:\backend\Java\OOPMasteryClass\concurrency\projects\parking-lot\target\test-classes;D:\backend\Java\OOPMasteryClass\concurrency\projects\parking-lot\target\classes;C:\Users\kaleo\.m2\repository\org\springframework\boot\spring-boot-starter-web\3.1.4\spring-boot-starter-web-3.1.4.jar;C:\Users\kaleo\.m2\repository\org\springframework\boot\spring-boot-starter\3.1.4\spring-boot-starter-3.1.4.jar;C:\Users\kaleo\.m2\repository\org\springframework\boot\spring-boot\3.1.4\spring-boot-3.1.4.jar;C:\Users\kaleo\.m2\repository\org\springframework\boot\spring-boot-autoconfigure\3.1.4\spring-boot-autoconfigure-3.1.4.jar;C:\Users\kaleo\.m2\repository\org\springframework\boot\spring-boot-starter-logging\3.1.4\spring-boot-starter-logging-3.1.4.jar;C:\Users\kaleo\.m2\repository\ch\qos\logback\logback-classic\1.4.11\logback-classic-1.4.11.jar;C:\Users\kaleo\.m2\repository\ch\qos\logback\logback-core\1.4.11\logback-core-1.4.11.jar;C:\Users\kaleo\.m2\repository\org\apache\logging\log4j\log4j-to-slf4j\2.20.0\log4j-to-slf4j-2.20.0.jar;C:\Users\kaleo\.m2\repository\org\apache\logging\log4j\log4j-api\2.20.0\log4j-api-2.20.0.jar;C:\Users\kaleo\.m2\repository\org\slf4j\jul-to-slf4j\2.0.9\jul-to-slf4j-2.0.9.jar;C:\Users\kaleo\.m2\repository\jakarta\annotation\jakarta.annotation-api\2.1.1\jakarta.annotation-api-2.1.1.jar;C:\Users\kaleo\.m2\repository\org\yaml\snakeyaml\1.33\snakeyaml-1.33.jar;C:\Users\kaleo\.m2\repository\org\springframework\boot\spring-boot-starter-json\3.1.4\spring-boot-starter-json-3.1.4.jar;C:\Users\kaleo\.m2\repository\com\fasterxml\jackson\core\jackson-databind\2.15.2\jackson-databind-2.15.2.jar;C:\Users\kaleo\.m2\repository\com\fasterxml\jackson\core\jackson-annotations\2.15.2\jackson-annotations-2.15.2.jar;C:\Users\kaleo\.m2\repository\com\fasterxml\jackson\core\jackson-core\2.15.2\jackson-core-2.15.2.jar;C:\Users\kaleo\.m2\repository\com\fasterxml\jackson\datatype\jackson-datatype-jdk8\2.15.2\jackson-datatype-jdk8-2.15.2.jar;C:\Users\kaleo\.m2\repository\com\fasterxml\jackson\datatype\jackson-datatype-jsr310\2.15.2\jackson-datatype-jsr310-2.15.2.jar;C:\Users\kaleo\.m2\repository\com\fasterxml\jackson\module\jackson-module-parameter-names\2.15.2\jackson-module-parameter-names-2.15.2.jar;C:\Users\kaleo\.m2\repository\org\springframework\boot\spring-boot-starter-tomcat\3.1.4\spring-boot-starter-tomcat-3.1.4.jar;C:\Users\kaleo\.m2\repository\org\apache\tomcat\embed\tomcat-embed-core\10.1.13\tomcat-embed-core-10.1.13.jar;C:\Users\kaleo\.m2\repository\org\apache\tomcat\embed\tomcat-embed-el\10.1.13\tomcat-embed-el-10.1.13.jar;C:\Users\kaleo\.m2\repository\org\apache\tomcat\embed\tomcat-embed-websocket\10.1.13\tomcat-embed-websocket-10.1.13.jar;C:\Users\kaleo\.m2\repository\org\springframework\spring-web\6.0.12\spring-web-6.0.12.jar;C:\Users\kaleo\.m2\repository\org\springframework\spring-beans\6.0.12\spring-beans-6.0.12.jar;C:\Users\kaleo\.m2\repository\io\micrometer\micrometer-observation\1.11.4\micrometer-observation-1.11.4.jar;C:\Users\kaleo\.m2\repository\io\micrometer\micrometer-commons\1.11.4\micrometer-commons-1.11.4.jar;C:\Users\kaleo\.m2\repository\org\springframework\spring-webmvc\6.0.12\spring-webmvc-6.0.12.jar;C:\Users\kaleo\.m2\repository\org\springframework\spring-aop\6.0.12\spring-aop-6.0.12.jar;C:\Users\kaleo\.m2\repository\org\springframework\spring-context\6.0.12\spring-context-6.0.12.jar;C:\Users\kaleo\.m2\repository\org\springframework\spring-expression\6.0.12\spring-expression-6.0.12.jar;C:\Users\kaleo\.m2\repository\org\springframework\boot\spring-boot-starter-test\3.1.4\spring-boot-starter-test-3.1.4.jar;C:\Users\kaleo\.m2\repository\org\springframework\boot\spring-boot-test\3.1.4\spring-boot-test-3.1.4.jar;C:\Users\kaleo\.m2\repository\org\springframework\boot\spring-boot-test-autoconfigure\3.1.4\spring-boot-test-autoconfigure-3.1.4.jar;C:\Users\kaleo\.m2\repository\com\jayway\jsonpath\json-path\2.8.0\json-path-2.8.0.jar;C:\Users\kaleo\.m2\repository\org\slf4j\slf4j-api\2.0.9\slf4j-api-2.0.9.jar;C:\Users\kaleo\.m2\repository\jakarta\xml\bind\jakarta.xml.bind-api\4.0.1\jakarta.xml.bind-api-4.0.1.jar;C:\Users\kaleo\.m2\repository\jakarta\activation\jakarta.activation-api\2.1.2\jakarta.activation-api-2.1.2.jar;C:\Users\kaleo\.m2\repository\net\minidev\json-smart\2.4.11\json-smart-2.4.11.jar;C:\Users\kaleo\.m2\repository\net\minidev\accessors-smart\2.4.11\accessors-smart-2.4.11.jar;C:\Users\kaleo\.m2\repository\org\ow2\asm\asm\9.3\asm-9.3.jar;C:\Users\kaleo\.m2\repository\org\assertj\assertj-core\3.24.2\assertj-core-3.24.2.jar;C:\Users\kaleo\.m2\repository\net\bytebuddy\byte-buddy\1.14.8\byte-buddy-1.14.8.jar;C:\Users\kaleo\.m2\repository\org\hamcrest\hamcrest\2.2\hamcrest-2.2.jar;C:\Users\kaleo\.m2\repository\org\junit\jupiter\junit-jupiter\5.9.3\junit-jupiter-5.9.3.jar;C:\Users\kaleo\.m2\repository\org\junit\jupiter\junit-jupiter-api\5.9.3\junit-jupiter-api-5.9.3.jar;C:\Users\kaleo\.m2\repository\org\opentest4j\opentest4j\1.2.0\opentest4j-1.2.0.jar;C:\Users\kaleo\.m2\repository\org\junit\platform\junit-platform-commons\1.9.3\junit-platform-commons-1.9.3.jar;C:\Users\kaleo\.m2\repository\org\apiguardian\apiguardian-api\1.1.2\apiguardian-api-1.1.2.jar;C:\Users\kaleo\.m2\repository\org\junit\jupiter\junit-jupiter-params\5.9.3\junit-jupiter-params-5.9.3.jar;C:\Users\kaleo\.m2\repository\org\junit\jupiter\junit-jupiter-engine\5.9.3\junit-jupiter-engine-5.9.3.jar;C:\Users\kaleo\.m2\repository\org\junit\platform\junit-platform-engine\1.9.3\junit-platform-engine-1.9.3.jar;C:\Users\kaleo\.m2\repository\org\mockito\mockito-core\5.3.1\mockito-core-5.3.1.jar;C:\Users\kaleo\.m2\repository\net\bytebuddy\byte-buddy-agent\1.14.8\byte-buddy-agent-1.14.8.jar;C:\Users\kaleo\.m2\repository\org\objenesis\objenesis\3.3\objenesis-3.3.jar;C:\Users\kaleo\.m2\repository\org\mockito\mockito-junit-jupiter\5.3.1\mockito-junit-jupiter-5.3.1.jar;C:\Users\kaleo\.m2\repository\org\skyscreamer\jsonassert\1.5.1\jsonassert-1.5.1.jar;C:\Users\kaleo\.m2\repository\com\vaadin\external\google\android-json\0.0.20131108.vaadin1\android-json-0.0.20131108.vaadin1.jar;C:\Users\kaleo\.m2\repository\org\springframework\spring-core\6.0.12\spring-core-6.0.12.jar;C:\Users\kaleo\.m2\repository\org\springframework\spring-jcl\6.0.12\spring-jcl-6.0.12.jar;C:\Users\kaleo\.m2\repository\org\springframework\spring-test\6.0.12\spring-test-6.0.12.jar;C:\Users\kaleo\.m2\repository\org\xmlunit\xmlunit-core\2.9.1\xmlunit-core-2.9.1.jar;"/>
    <property name="java.vm.vendor" value="Oracle Corporation"/>
    <property name="sun.arch.data.model" value="64"/>
    <property name="user.variant" value=""/>
    <property name="java.vendor.url" value="https://java.oracle.com/"/>
    <property name="user.timezone" value="America/Los_Angeles"/>
    <property name="os.name" value="Windows 11"/>
    <property name="java.vm.specification.version" value="21"/>
    <property name="sun.java.launcher" value="SUN_STANDARD"/>
    <property name="user.country" value="US"/>
    <property name="sun.boot.library.path" value="C:\Users\kaleo\scoop\apps\openjdk21\current\bin"/>
    <property name="sun.java.command" value="C:\Users\kaleo\AppData\Local\Temp\surefire296120410665046384\surefirebooter-20251025010821751_3.jar C:\Users\kaleo\AppData\Local\Temp\surefire296120410665046384 2025-10-25T01-08-21_618-jvmRun1 surefire-20251025010821751_1tmp surefire_0-20251025010821751_2tmp"/>
    <property name="jdk.debug" value="release"/>
    <property name="test" value="ParkingLotConcurrencyTest"/>
    <property name="surefire.test.class.path" value="D:\backend\Java\OOPMasteryClass\concurrency\projects\parking-lot\target\test-classes;D:\backend\Java\OOPMasteryClass\concurrency\projects\parking-lot\target\classes;C:\Users\kaleo\.m2\repository\org\springframework\boot\spring-boot-starter-web\3.1.4\spring-boot-starter-web-3.1.4.jar;C:\Users\kaleo\.m2\repository\org\springframework\boot\spring-boot-starter\3.1.4\spring-boot-starter-3.1.4.jar;C:\Users\kaleo\.m2\repository\org\springframework\boot\spring-boot\3.1.4\spring-boot-3.1.4.jar;C:\Users\kaleo\.m2\repository\org\springframework\boot\spring-boot-autoconfigure\3.1.4\spring-boot-autoconfigure-3.1.4.jar;C:\Users\kaleo\.m2\repository\org\springframework\boot\spring-boot-starter-logging\3.1.4\spring-boot-starter-logging-3.1.4.jar;C:\Users\kaleo\.m2\repository\ch\qos\logback\logback-classic\1.4.11\logback-classic-1.4.11.jar;C:\Users\kaleo\.m2\repository\ch\qos\logback\logback-core\1.4.11\logback-core-1.4.11.jar;C:\Users\kaleo\.m2\repository\org\apache\logging\log4j\log4j-to-slf4j\2.20.0\log4j-to-slf4j-2.20.0.jar;C:\Users\kaleo\.m2\repository\org\apache\logging\log4j\log4j-api\2.20.0\log4j-api-2.20.0.jar;C:\Users\kaleo\.m2\repository\org\slf4j\jul-to-slf4j\2.0.9\jul-to-slf4j-2.0.9.jar;C:\Users\kaleo\.m2\repository\jakarta\annotation\jakarta.annotation-api\2.1.1\jakarta.annotation-api-2.1.1.jar;C:\Users\kaleo\.m2\repository\org\yaml\snakeyaml\1.33\snakeyaml-1.33.jar;C:\Users\kaleo\.m2\repository\org\springframework\boot\spring-boot-starter-json\3.1.4\spring-boot-starter-json-3.1.4.jar;C:\Users\kaleo\.m2\repository\com\fasterxml\jackson\core\jackson-databind\2.15.2\jackson-databind-2.15.2.jar;C:\Users\kaleo\.m2\repository\com\fasterxml\jackson\core\jackson-annotations\2.15.2\jackson-annotations-2.15.2.jar;C:\Users\kaleo\.m2\repository\com\fasterxml\jackson\core\jackson-core\2.15.2\jackson-core-2.15.2.jar;C:\Users\kaleo\.m2\repository\com\fasterxml\jackson\datatype\jackson-datatype-jdk8\2.15.2\jackson-datatype-jdk8-2.15.2.jar;C:\Users\kaleo\.m2\repository\com\fasterxml\jackson\datatype\jackson-datatype-jsr310\2.15.2\jackson-datatype-jsr310-2.15.2.jar;C:\Users\kaleo\.m2\repository\com\fasterxml\jackson\module\jackson-module-parameter-names\2.15.2\jackson-module-parameter-names-2.15.2.jar;C:\Users\kaleo\.m2\repository\org\springframework\boot\spring-boot-starter-tomcat\3.1.4\spring-boot-starter-tomcat-3.1.4.jar;C:\Users\kaleo\.m2\repository\org\apache\tomcat\embed\tomcat-embed-core\10.1.13\tomcat-embed-core-10.1.13.jar;C:\Users\kaleo\.m2\repository\org\apache\tomcat\embed\tomcat-embed-el\10.1.13\tomcat-embed-el-10.1.13.jar;C:\Users\kaleo\.m2\repository\org\apache\tomcat\embed\tomcat-embed-websocket\10.1.13\tomcat-embed-websocket-10.1.13.jar;C:\Users\kaleo\.m2\repository\org\springframework\spring-web\6.0.12\spring-web-6.0.12.jar;C:\Users\kaleo\.m2\repository\org\springframework\spring-beans\6.0.12\spring-beans-6.0.12.jar;C:\Users\kaleo\.m2\repository\io\micrometer\micrometer-observation\1.11.4\micrometer-observation-1.11.4.jar;C:\Users\kaleo\.m2\repository\io\micrometer\micrometer-commons\1.11.4\micrometer-commons-1.11.4.jar;C:\Users\kaleo\.m2\repository\org\springframework\spring-webmvc\6.0.12\spring-webmvc-6.0.12.jar;C:\Users\kaleo\.m2\repository\org\springframework\spring-aop\6.0.12\spring-aop-6.0.12.jar;C:\Users\kaleo\.m2\repository\org\springframework\spring-context\6.0.12\spring-context-6.0.12.jar;C:\Users\kaleo\.m2\repository\org\springframework\spring-expression\6.0.12\spring-expression-6.0.12.jar;C:\Users\kaleo\.m2\repository\org\springframework\boot\spring-boot-starter-test\3.1.4\spring-boot-starter-test-3.1.4.jar;C:\Users\kaleo\.m2\repository\org\springframework\boot\spring-boot-test\3.1.4\spring-boot-test-3.1.4.jar;C:\Users\kaleo\.m2\repository\org\springframework\boot\spring-boot-test-autoconfigure\3.1.4\spring-boot-test-autoconfigure-3.1.4.jar;C:\Users\kaleo\.m2\repository\com\jayway\jsonpath\json-path\2.8.0\json-path-2.8.0.jar;C:\Users\kaleo\.m2\repository\org\slf4j\slf4j-api\2.0.9\slf4j-api-2.0.9.jar;C:\Users\kaleo\.m2\repository\jakarta\xml\bind\jakarta.xml.bind-api\4.0.1\jakarta.xml.bind-api-4.0.1.jar;C:\Users\kaleo\.m2\repository\jakarta\activation\jakarta.activation-api\2.1.2\jakarta.activation-api-2.1.2.jar;C:\Users\kaleo\.m2\repository\net\minidev\json-smart\2.4.11\json-smart-2.4.11.jar;C:\Users\kaleo\.m2\repository\net\minidev\accessors-smart\2.4.11\accessors-smart-2.4.11.jar;C:\Users\kaleo\.m2\repository\org\ow2\asm\asm\9.3\asm-9.3.jar;C:\Users\kaleo\.m2\repository\org\assertj\assertj-core\3.24.2\assertj-core-3.24.2.jar;C:\Users\kaleo\.m2\repository\net\bytebuddy\byte-buddy\1.14.8\byte-buddy-1.14.8.jar;C:\Users\kaleo\.m2\repository\org\hamcrest\hamcrest\2.2\hamcrest-2.2.jar;C:\Users\kaleo\.m2\repository\org\junit\jupiter\junit-jupiter\5.9.3\junit-jupiter-5.9.3.jar;C:\Users\kaleo\.m2\repository\org\junit\jupiter\junit-jupiter-api\5.9.3\junit-jupiter-api-5.9.3.jar;C:\Users\kaleo\.m2\repository\org\opentest4j\opentest4j\1.2.0\opentest4j-1.2.0.jar;C:\Users\kaleo\.m2\repository\org\junit\platform\junit-platform-commons\1.9.3\junit-platform-commons-1.9.3.jar;C:\Users\kaleo\.m2\repository\org\apiguardian\apiguardian-api\1.1.2\apiguardian-api-1.1.2.jar;C:\Users\kaleo\.m2\repository\org\junit\jupiter\junit-jupiter-params\5.9.3\junit-jupiter-params-5.9.3.jar;C:\Users\kaleo\.m2\repository\org\junit\jupiter\junit-jupiter-engine\5.9.3\junit-jupiter-engine-5.9.3.jar;C:\Users\kaleo\.m2\repository\org\junit\platform\junit-platform-engine\1.9.3\junit-platform-engine-1.9.3.jar;C:\Users\kaleo\.m2\repository\org\mockito\mockito-core\5.3.1\mockito-core-5.3.1.jar;C:\Users\kaleo\.m2\repository\net\bytebuddy\byte-buddy-agent\1.14.8\byte-buddy-agent-1.14.8.jar;C:\Users\kaleo\.m2\repository\org\objenesis\objenesis\3.3\objenesis-3.3.jar;C:\Users\kaleo\.m2\repository\org\mockito\mockito-junit-jupiter\5.3.1\mockito-junit-jupiter-5.3.1.jar;C:\Users\kaleo\.m2\repository\org\skyscreamer\jsonassert\1.5.1\jsonassert-1.5.1.jar;C:\Users\kaleo\.m2\repository\com\vaadin\external\google\android-json\0.0.20131108.vaadin1\android-json-0.0.20131108.vaadin1.jar;C:\Users\kaleo\.m2\repository\org\springframework\spring-core\6.0.12\spring-core-6.0.12.jar;C:\Users\kaleo\.m2\repository\org\springframework\spring-jcl\6.0.12\spring-jcl-6.0.12.jar;C:\Users\kaleo\.m2\repository\org\springframework\spring-test\6.0.12\spring-test-6.0.12.jar;C:\Users\kaleo\.m2\repository\org\xmlunit\xmlunit-core\2.9.1\xmlunit-core-2.9.1.jar;"/>
    <property name="sun.cpu.endian" value="little"/>
    <property name="user.home" value="C:\Users\kaleo"/>
    <property name="user.language" value="en"/>
    <property name="java.specification.vendor" value="Oracle Corporation"/>
    <property name="java.version.date" value="2024-01-16"/>
    <property name="java.home" value="C:\Users\kaleo\scoop\apps\openjdk21\current"/>
    <property name="file.separator" value="\"/>
    <property name="basedir" value="D:\backend\Java\OOPMasteryClass\concurrency\projects\parking-lot"/>
    <property name="java.vm.compressedOopsMode" value="Zero based"/>
    <property name="line.separator" value="&#10;"/>
    <property name="java.vm.specification.vendor" value="Oracle Corporation"/>
    <property name="java.specification.name" value="Java Platform API Specification"/>
    <property name="FILE_LOG_CHARSET" value="UTF-8"/>
    <property name="java.awt.headless" value="true"/>
    <property name="surefire.real.class.path" value="C:\Users\kaleo\AppData\Local\Temp\surefire296120410665046384\surefirebooter-20251025010821751_3.jar"/>
    <property name="user.script" value=""/>
    <property name="sun.management.compiler" value="HotSpot 64-Bit Tiered Compilers"/>
    <property name="java.runtime.version" value="21.0.2+13-58"/>
    <property name="user.name" value="kaleo"/>
    <property name="stdout.encoding" value="Cp1252"/>
    <property name="path.separator" value=";"/>
    <property name="os.version" value="10.0"/>
    <property name="java.runtime.name" value="OpenJDK Runtime Environment"/>
    <property name="file.encoding" value="UTF-8"/>
    <property name="java.vm.name" value="OpenJDK 64-Bit Server VM"/>
    <property name="localRepository" value="C:\Users\kaleo\.m2\repository"/>
    <property name="java.vendor.url.bug" value="https://bugreport.java.com/bugreport/"/>
    <property name="java.io.tmpdir" value="C:\Users\kaleo\AppData\Local\Temp\"/>
    <property name="java.version" value="21.0.2"/>
    <property name="user.dir" value="D:\backend\Java\OOPMasteryClass\concurrency\projects\parking-lot"/>
    <property name="os.arch" value="amd64"/>
    <property name="java.vm.specification.name" value="Java Virtual Machine Specification"/>
    <property name="PID" value="31924"/>
    <property name="sun.os.patch.level" value=""/>
    <property name="CONSOLE_LOG_CHARSET" value="UTF-8"/>
    <property name="native.encoding" value="Cp1252"/>
    <property name="java.library.path" value="C:\Users\kaleo\scoop\apps\openjdk21\current\bin;C:\WINDOWS\Sun\Java\bin;C:\WINDOWS\system32;C:\WINDOWS;C:\Users\kaleo\scoop\apps\openjdk21\current\bin;C:\Program Files\Common Files\Oracle\Java\javapath;C:\Program Files (x86)\Common Files\Oracle\Java\javapath;C:\Windows\system32;C:\Windows;C:\Windows\System32\Wbem;C:\Windows\System32\WindowsPowerShell\v1.0\;C:\Windows\System32\OpenSSH\;C:\Program Files (x86)\NVIDIA Corporation\PhysX\Common;C:\Program Files\NVIDIA Corporation\NVIDIA NvDLISR;C:\Users\kaleo\scoop\apps\openjdk21\current;D:\Softwares\apache-maven-3.6.3-bin\apache-maven-3.6.3\bin;C:\WINDOWS\system32;C:\WINDOWS;C:\WINDOWS\System32\Wbem;C:\WINDOWS\System32\WindowsPowerShell\v1.0\;C:\WINDOWS\System32\OpenSSH\;D:\Git\cmd;C:\Users\kaleo\AppData\Local\Programs\Python\Python310;C:\Users\kaleo\AppData\Local\Programs\Python\Python310\Scripts;C:\WINDOWS\system32;C:\WINDOWS;C:\WINDOWS\System32\Wbem;C:\WINDOWS\System32\WindowsPowerShell\v1.0\;C:\WINDOWS\System32\OpenSSH\;C:\Program Files (x86)\QuickTime\QTSystem\;C:\Program Files\Docker\Docker\resources\bin;C:\Program Files\PostgresSQL\13\bin;C:\Program Files\Amazon\AWSCLIV2\;C:\Program Files\nodejs\;C:\Users\kaleo\scoop\apps\openjdk21\current\bin;C:\Users\kaleo\scoop\shims;C:\Users\kaleo\AppData\Local\Programs\Python\Python310\Scripts\;C:\Users\kaleo\AppData\Local\Programs\Python\Python310\;C:\Users\kaleo\AppData\Local\Microsoft\WindowsApps;D:\Microsoft VS Code\bin;C:\Program Files\heroku\bin;C:\curl;C:\Users\kaleo\AppData\Roaming\npm;c:\Users\kaleo\AppData\Roaming\Code\User\globalStorage\github.copilot-chat\debugCommand;."/>
    <property name="java.vm.info" value="mixed mode, sharing"/>
    <property name="stderr.encoding" value="Cp1252"/>
    <property name="java.vendor" value="Oracle Corporation"/>
    <property name="java.vm.version" value="21.0.2+13-58"/>
    <property name="sun.io.unicode.encoding" value="UnicodeLittle"/>
    <property name="java.class.version" value="65.0"/>
  </properties>
  <testcase name="simulate20ConcurrentParkAndLeave" classname="com.example.parking.Concurrency.ParkingLotConcurrencyTest" time="3.047">
    <system-out><![CDATA[01:08:22.537 [main] INFO org.springframework.test.context.support.AnnotationConfigContextLoaderUtils -- Could not detect default configuration classes for test class [com.example.parking.Concurrency.ParkingLotConcurrencyTest]: ParkingLotConcurrencyTest does not declare any static, non-private, non-final, nested classes annotated with @Configuration.
01:08:22.626 [main] INFO org.springframework.boot.test.context.SpringBootTestContextBootstrapper -- Found @SpringBootConfiguration com.example.parking.ParkingLotApplication for test class com.example.parking.Concurrency.ParkingLotConcurrencyTest
2025-10-25T01:08:23.000-07:00  INFO 31924 --- [           main] c.e.p.C.ParkingLotConcurrencyTest        : Starting ParkingLotConcurrencyTest using Java 21.0.2 with PID 31924 (started by kaleo in D:\backend\Java\OOPMasteryClass\concurrency\projects\parking-lot)
2025-10-25T01:08:23.004-07:00  INFO 31924 --- [           main] c.e.p.C.ParkingLotConcurrencyTest        : No active profile set, falling back to 1 default profile: "default"
2025-10-25T01:08:23.895-07:00  INFO 31924 --- [           main] c.e.p.C.ParkingLotConcurrencyTest        : Started ParkingLotConcurrencyTest in 1.16 seconds (process running for 2.011)
2025-10-25T01:08:24.729-07:00  INFO 31924 --- [pool-3-thread-7] c.e.parking.service.ParkingService       : car=car-6 parked (waited=0 ms). currentParked=5, maxObserved=5
2025-10-25T01:08:24.729-07:00  INFO 31924 --- [pool-3-thread-2] c.e.parking.service.ParkingService       : car=car-1 parked (waited=0 ms). currentParked=3, maxObserved=4
2025-10-25T01:08:24.731-07:00  INFO 31924 --- [pool-3-thread-4] c.e.parking.service.ParkingService       : car=car-3 parked (waited=0 ms). currentParked=2, maxObserved=5
2025-10-25T01:08:24.729-07:00  INFO 31924 --- [pool-3-thread-1] c.e.parking.service.ParkingService       : car=car-0 parked (waited=0 ms). currentParked=1, maxObserved=5
2025-10-25T01:08:24.728-07:00  INFO 31924 --- [pool-3-thread-3] c.e.parking.service.ParkingService       : car=car-2 parked (waited=0 ms). currentParked=4, maxObserved=4
2025-10-25T01:08:24.941-07:00  INFO 31924 --- [pool-3-thread-1] c.e.parking.service.ParkingService       : car=car-0 left. currentParked=3, availablePermits=1
2025-10-25T01:08:24.941-07:00  INFO 31924 --- [pool-3-thread-4] c.e.parking.service.ParkingService       : car=car-3 left. currentParked=4, availablePermits=1
2025-10-25T01:08:24.941-07:00  INFO 31924 --- [ool-3-thread-10] c.e.parking.service.ParkingService       : car=car-9 parked (waited=213 ms). currentParked=5, maxObserved=5
2025-10-25T01:08:24.941-07:00  INFO 31924 --- [pool-3-thread-6] c.e.parking.service.ParkingService       : car=car-5 parked (waited=213 ms). currentParked=4, maxObserved=5
2025-10-25T01:08:25.108-07:00  INFO 31924 --- [pool-3-thread-7] c.e.parking.service.ParkingService       : car=car-6 left. currentParked=4, availablePermits=1
2025-10-25T01:08:25.108-07:00  INFO 31924 --- [pool-3-thread-8] c.e.parking.service.ParkingService       : car=car-7 parked (waited=380 ms). currentParked=5, maxObserved=5
2025-10-25T01:08:25.285-07:00  INFO 31924 --- [pool-3-thread-2] c.e.parking.service.ParkingService       : car=car-1 left. currentParked=4, availablePermits=1
2025-10-25T01:08:25.285-07:00  INFO 31924 --- [pool-3-thread-9] c.e.parking.service.ParkingService       : car=car-8 parked (waited=557 ms). currentParked=5, maxObserved=5
2025-10-25T01:08:25.322-07:00  INFO 31924 --- [ool-3-thread-10] c.e.parking.service.ParkingService       : car=car-9 left. currentParked=4, availablePermits=1
2025-10-25T01:08:25.322-07:00  INFO 31924 --- [ool-3-thread-15] c.e.parking.service.ParkingService       : car=car-14 parked (waited=594 ms). currentParked=5, maxObserved=5
2025-10-25T01:08:25.498-07:00  INFO 31924 --- [ool-3-thread-11] c.e.parking.service.ParkingService       : car=car-10 parked (waited=770 ms). currentParked=5, maxObserved=5
2025-10-25T01:08:25.498-07:00  INFO 31924 --- [pool-3-thread-3] c.e.parking.service.ParkingService       : car=car-2 left. currentParked=4, availablePermits=1
2025-10-25T01:08:25.609-07:00  INFO 31924 --- [ool-3-thread-15] c.e.parking.service.ParkingService       : car=car-14 left. currentParked=4, availablePermits=1
2025-10-25T01:08:25.609-07:00  INFO 31924 --- [ool-3-thread-16] c.e.parking.service.ParkingService       : car=car-15 parked (waited=881 ms). currentParked=5, maxObserved=5
2025-10-25T01:08:25.662-07:00  INFO 31924 --- [ool-3-thread-17] c.e.parking.service.ParkingService       : car=car-16 parked (waited=934 ms). currentParked=5, maxObserved=5
2025-10-25T01:08:25.662-07:00  INFO 31924 --- [pool-3-thread-6] c.e.parking.service.ParkingService       : car=car-5 left. currentParked=4, availablePermits=1
2025-10-25T01:08:25.721-07:00  INFO 31924 --- [ool-3-thread-14] c.e.parking.service.ParkingService       : car=car-13 parked (waited=993 ms). currentParked=5, maxObserved=5
2025-10-25T01:08:25.721-07:00  INFO 31924 --- [ool-3-thread-11] c.e.parking.service.ParkingService       : car=car-10 left. currentParked=4, availablePermits=1
2025-10-25T01:08:25.878-07:00  INFO 31924 --- [pool-3-thread-8] c.e.parking.service.ParkingService       : car=car-7 left. currentParked=4, availablePermits=1
2025-10-25T01:08:25.878-07:00  INFO 31924 --- [pool-3-thread-5] c.e.parking.service.ParkingService       : car=car-4 parked (waited=1150 ms). currentParked=5, maxObserved=5
2025-10-25T01:08:25.894-07:00  INFO 31924 --- [pool-3-thread-9] c.e.parking.service.ParkingService       : car=car-8 left. currentParked=4, availablePermits=1
2025-10-25T01:08:25.894-07:00  INFO 31924 --- [ool-3-thread-20] c.e.parking.service.ParkingService       : car=car-19 parked (waited=1167 ms). currentParked=5, maxObserved=5
2025-10-25T01:08:26.010-07:00  INFO 31924 --- [ool-3-thread-13] c.e.parking.service.ParkingService       : car=car-12 parked (waited=1282 ms). currentParked=5, maxObserved=5
2025-10-25T01:08:26.010-07:00  INFO 31924 --- [ool-3-thread-16] c.e.parking.service.ParkingService       : car=car-15 left. currentParked=4, availablePermits=1
2025-10-25T01:08:26.163-07:00  INFO 31924 --- [ool-3-thread-17] c.e.parking.service.ParkingService       : car=car-16 left. currentParked=4, availablePermits=1
2025-10-25T01:08:26.163-07:00  INFO 31924 --- [ool-3-thread-18] c.e.parking.service.ParkingService       : car=car-17 parked (waited=1434 ms). currentParked=5, maxObserved=5
2025-10-25T01:08:26.177-07:00  INFO 31924 --- [ool-3-thread-14] c.e.parking.service.ParkingService       : car=car-13 left. currentParked=4, availablePermits=1
2025-10-25T01:08:26.177-07:00  INFO 31924 --- [ool-3-thread-19] c.e.parking.service.ParkingService       : car=car-18 parked (waited=1448 ms). currentParked=5, maxObserved=5
2025-10-25T01:08:26.493-07:00  INFO 31924 --- [ool-3-thread-20] c.e.parking.service.ParkingService       : car=car-19 left. currentParked=4, availablePermits=1
2025-10-25T01:08:26.493-07:00  INFO 31924 --- [ool-3-thread-12] c.e.parking.service.ParkingService       : car=car-11 parked (waited=1764 ms). currentParked=5, maxObserved=5
2025-10-25T01:08:26.593-07:00  INFO 31924 --- [ool-3-thread-13] c.e.parking.service.ParkingService       : car=car-12 left. currentParked=4, availablePermits=1
2025-10-25T01:08:26.652-07:00  INFO 31924 --- [pool-3-thread-5] c.e.parking.service.ParkingService       : car=car-4 left. currentParked=3, availablePermits=2
2025-10-25T01:08:26.669-07:00  INFO 31924 --- [ool-3-thread-19] c.e.parking.service.ParkingService       : car=car-18 left. currentParked=2, availablePermits=3
2025-10-25T01:08:26.794-07:00  INFO 31924 --- [ool-3-thread-12] c.e.parking.service.ParkingService       : car=car-11 left. currentParked=1, availablePermits=4
2025-10-25T01:08:26.902-07:00  INFO 31924 --- [ool-3-thread-18] c.e.parking.service.ParkingService       : car=car-17 left. currentParked=0, availablePermits=5
2025-10-25T01:08:26.950-07:00  INFO 31924 --- [           main] c.e.p.C.ParkingLotConcurrencyTest        : Test finished in 2176 ms; succeeded parks: 20
2025-10-25T01:08:26.951-07:00  INFO 31924 --- [           main] c.e.p.C.ParkingLotConcurrencyTest        : Max observed concurrent parked (service metric) = 5
]]></system-out>
    <system-err><![CDATA[WARNING: A Java agent has been loaded dynamically (C:\Users\kaleo\.m2\repository\net\bytebuddy\byte-buddy-agent\1.14.8\byte-buddy-agent-1.14.8.jar)
WARNING: If a serviceability tool is in use, please run with -XX:+EnableDynamicAgentLoading to hide this warning
WARNING: If a serviceability tool is not in use, please run with -Djdk.instrument.traceUsage for more information
WARNING: Dynamic loading of agents will be disallowed by default in a future release
]]></system-err>
  </testcase>
</testsuite>